#
# There is insufficient memory for the Java Runtime Environment to continue.
# Native memory allocation (mmap) failed to map 268435456 bytes for G1 virtual space
# Possible reasons:
#   The system is out of physical RAM or swap space
#   The process is running with CompressedOops enabled, and the Java Heap may be blocking the growth of the native heap
# Possible solutions:
#   Reduce memory load on the system
#   Increase physical memory or swap space
#   Check if swap backing store is full
#   Decrease Java heap size (-Xmx/-Xms)
#   Decrease number of Java threads
#   Decrease Java thread stack sizes (-Xss)
#   Set larger code cache with -XX:ReservedCodeCacheSize=
#   JVM is running with Zero Based Compressed Oops mode in which the Java heap is
#     placed in the first 32GB address space. The Java Heap base address is the
#     maximum limit for the native heap growth. Please use -XX:HeapBaseMinAddress
#     to set the Java Heap base and to place the Java Heap above 32GB virtual address.
# This output file may be truncated or incomplete.
#
#  Out of Memory Error (os_windows.cpp:3530), pid=1832, tid=17656
#
# JRE version:  (18.0.2+9) (build )
# Java VM: Java HotSpot(TM) 64-Bit Server VM (18.0.2+9-61, mixed mode, sharing, tiered, compressed oops, compressed class ptrs, g1 gc, windows-amd64)
# No core dump will be written. Minidumps are not enabled by default on client versions of Windows
#

---------------  S U M M A R Y ------------

Command Line: -Dclassworlds.conf=C:\Program Files\NetBeans-15\netbeans\java\maven\bin\m2.conf -Dmaven.home=C:\Program Files\NetBeans-15\netbeans\java\maven -Dlibrary.jansi.path=C:\Program Files\NetBeans-15\netbeans\java\maven\lib\jansi-native -Dmaven.multiModuleProjectDirectory=C:\Users\Trabalho\Documents\NetBeansProjects\ConectaGUI org.codehaus.plexus.classworlds.launcher.Launcher -Dexec.vmArgs= -Dexec.args=${exec.vmArgs} -classpath %classpath ${exec.mainClass} ${exec.appArgs} -Dexec.appArgs= -Dexec.mainClass=conectagui.Login -Dexec.executable=C:\Program Files\Java\jdk-18.0.2\bin\java.exe -Dmaven.ext.class.path=C:\Program Files\NetBeans-15\netbeans\java\maven-nblib\netbeans-eventspy.jar org.codehaus.mojo:exec-maven-plugin:3.0.0:exec

Host: Intel(R) Core(TM) i7-3635QM CPU @ 2.40GHz, 8 cores, 15G,  Windows 10 , 64 bit Build 19041 (10.0.19041.2251)
Time: Fri Nov 18 16:02:33 2022 Hora oficial do Brasil elapsed time: 0.050371 seconds (0d 0h 0m 0s)

---------------  T H R E A D  ---------------

Current thread (0x000002199dce72b0):  JavaThread "Unknown thread" [_thread_in_vm, id=17656, stack(0x000000899e400000,0x000000899e500000)]

Stack: [0x000000899e400000,0x000000899e500000]
Native frames: (J=compiled Java code, j=interpreted, Vv=VM code, C=native code)
V  [jvm.dll+0x6993ca]
V  [jvm.dll+0x7f481d]
V  [jvm.dll+0x7f612e]
V  [jvm.dll+0x7f67e3]
V  [jvm.dll+0x25cdaf]
V  [jvm.dll+0x696319]
V  [jvm.dll+0x68ae4a]
V  [jvm.dll+0x3223eb]
V  [jvm.dll+0x329dc6]
V  [jvm.dll+0x37eade]
V  [jvm.dll+0x37ed0f]
V  [jvm.dll+0x2fa16a]
V  [jvm.dll+0x2fb1cd]
V  [jvm.dll+0x7c3450]
V  [jvm.dll+0x38be61]
V  [jvm.dll+0x7a2073]
V  [jvm.dll+0x40dc3f]
V  [jvm.dll+0x40f611]
C  [jli.dll+0x526b]
C  [ucrtbase.dll+0x21bb2]
C  [KERNEL32.DLL+0x174b4]
C  [ntdll.dll+0x526a1]


---------------  P R O C E S S  ---------------

Threads class SMR info:
_java_thread_list=0x00007ffa5e7be550, length=0, elements={
}

Java Threads: ( => current thread )

Other Threads:
  0x000002199dd541c0 WorkerThread "GC Thread#0" [stack: 0x000000899e500000,0x000000899e600000] [id=18200]
  0x000002199dd65e50 ConcurrentGCThread "G1 Main Marker" [stack: 0x000000899e600000,0x000000899e700000] [id=17820]
  0x000002199dd66750 WorkerThread "G1 Conc#0" [stack: 0x000000899e700000,0x000000899e800000] [id=17132]

[error occurred during error reporting (printing all threads), id 0xc0000005, EXCEPTION_ACCESS_VIOLATION (0xc0000005) at pc=0x00007ffa5dfea707]

VM state: not at safepoint (not fully initialized)

VM Mutex/Monitor currently owned by a thread:  ([mutex/lock_event])
[0x000002199dce2d90] Heap_lock - owner thread: 0x000002199dce72b0

Heap address: 0x0000000701c00000, size: 4068 MB, Compressed Oops mode: Zero based, Oop shift amount: 3

CDS archive(s) mapped at: [0x0000000000000000-0x0000000000000000-0x0000000000000000), size 0, SharedBaseAddress: 0x0000000800000000, ArchiveRelocationMode: 0.
Narrow klass base: 0x0000000000000000, Narrow klass shift: 0, Narrow klass range: 0x0

GC Precious Log:
 CardTable entry size: 512
 Card Set container configuration: InlinePtr #cards 4 size 8 Array Of Cards #cards 16 size 48 Howl #buckets 8 coarsen threshold 3686 Howl Bitmap #cards 512 size 80 coarsen threshold 460 Card regions per heap region 1 cards per card region 4096

Heap:
 garbage-first heap   total 0K, used 0K [0x0000000701c00000, 0x0000000800000000)
  region size 2048K, 0 young (0K), 0 survivors (0K)

[error occurred during error reporting (printing heap information), id 0xc0000005, EXCEPTION_ACCESS_VIOLATION (0xc0000005) at pc=0x00007ffa5e3d1859]

GC Heap History (0 events):
No events

Deoptimization events (0 events):
No events

Classes loaded (0 events):
No events

Classes unloaded (0 events):
No events

Classes redefined (0 events):
No events

Internal exceptions (0 events):
No events

VM Operations (0 events):
No events

Events (1 events):
Event: 0.008 Loaded shared library C:\Program Files\Java\jdk-18.0.2\bin\java.dll


Dynamic libraries:
0x00007ff6bf6d0000 - 0x00007ff6bf6e0000 	C:\Program Files\Java\jdk-18.0.2\bin\java.exe
0x00007ffac2130000 - 0x00007ffac2328000 	C:\WINDOWS\SYSTEM32\ntdll.dll
0x00007ffac1cc0000 - 0x00007ffac1d7f000 	C:\WINDOWS\System32\KERNEL32.DLL
0x00007ffabfe00000 - 0x00007ffac00d2000 	C:\WINDOWS\System32\KERNELBASE.dll
0x00007ffabfa70000 - 0x00007ffabfb70000 	C:\WINDOWS\System32\ucrtbase.dll
0x00007ffab6750000 - 0x00007ffab676a000 	C:\Program Files\Java\jdk-18.0.2\bin\VCRUNTIME140.dll
0x00007ffab6620000 - 0x00007ffab6638000 	C:\Program Files\Java\jdk-18.0.2\bin\jli.dll
0x00007ffac0d70000 - 0x00007ffac0e1e000 	C:\WINDOWS\System32\ADVAPI32.dll
0x00007ffac14d0000 - 0x00007ffac156e000 	C:\WINDOWS\System32\msvcrt.dll
0x00007ffac01a0000 - 0x00007ffac023c000 	C:\WINDOWS\System32\sechost.dll
0x00007ffac1e40000 - 0x00007ffac1f65000 	C:\WINDOWS\System32\RPCRT4.dll
0x00007ffac0310000 - 0x00007ffac04ad000 	C:\WINDOWS\System32\USER32.dll
0x00007ffac00e0000 - 0x00007ffac0102000 	C:\WINDOWS\System32\win32u.dll
0x00007ffab26c0000 - 0x00007ffab295a000 	C:\WINDOWS\WinSxS\amd64_microsoft.windows.common-controls_6595b64144ccf1df_6.0.19041.1110_none_60b5254171f9507e\COMCTL32.dll
0x00007ffac14a0000 - 0x00007ffac14cb000 	C:\WINDOWS\System32\GDI32.dll
0x00007ffabf960000 - 0x00007ffabfa6f000 	C:\WINDOWS\System32\gdi32full.dll
0x00007ffabfb70000 - 0x00007ffabfc0d000 	C:\WINDOWS\System32\msvcp_win.dll
0x00007ffab4d80000 - 0x00007ffab4d8a000 	C:\WINDOWS\SYSTEM32\VERSION.dll
0x00007ffac1f70000 - 0x00007ffac1fa2000 	C:\WINDOWS\System32\IMM32.DLL
0x00007ffab6030000 - 0x00007ffab603c000 	C:\Program Files\Java\jdk-18.0.2\bin\vcruntime140_1.dll
0x00007ffa68820000 - 0x00007ffa688ad000 	C:\Program Files\Java\jdk-18.0.2\bin\msvcp140.dll
0x00007ffa5dce0000 - 0x00007ffa5e8f1000 	C:\Program Files\Java\jdk-18.0.2\bin\server\jvm.dll
0x00007ffac1e30000 - 0x00007ffac1e38000 	C:\WINDOWS\System32\PSAPI.DLL
0x00007ffa9f500000 - 0x00007ffa9f509000 	C:\WINDOWS\SYSTEM32\WSOCK32.dll
0x00007ffaac710000 - 0x00007ffaac737000 	C:\WINDOWS\SYSTEM32\WINMM.dll
0x00007ffac1430000 - 0x00007ffac149b000 	C:\WINDOWS\System32\WS2_32.dll
0x00007ffabd610000 - 0x00007ffabd622000 	C:\WINDOWS\SYSTEM32\kernel.appcore.dll
0x00007ffab6020000 - 0x00007ffab602a000 	C:\Program Files\Java\jdk-18.0.2\bin\jimage.dll
0x00007ffaba440000 - 0x00007ffaba624000 	C:\WINDOWS\SYSTEM32\DBGHELP.DLL
0x00007ffabc700000 - 0x00007ffabc72c000 	C:\WINDOWS\SYSTEM32\dbgcore.DLL
0x00007ffabfd70000 - 0x00007ffabfdf2000 	C:\WINDOWS\System32\bcryptPrimitives.dll
0x00007ffab20d0000 - 0x00007ffab20f5000 	C:\Program Files\Java\jdk-18.0.2\bin\java.dll

dbghelp: loaded successfully - version: 4.0.5 - missing functions: none
symbol engine: initialized successfully - sym options: 0x614 - pdb path: .;C:\Program Files\Java\jdk-18.0.2\bin;C:\WINDOWS\SYSTEM32;C:\WINDOWS\WinSxS\amd64_microsoft.windows.common-controls_6595b64144ccf1df_6.0.19041.1110_none_60b5254171f9507e;C:\Program Files\Java\jdk-18.0.2\bin\server

VM Arguments:
jvm_args: -Dclassworlds.conf=C:\Program Files\NetBeans-15\netbeans\java\maven\bin\m2.conf -Dmaven.home=C:\Program Files\NetBeans-15\netbeans\java\maven -Dlibrary.jansi.path=C:\Program Files\NetBeans-15\netbeans\java\maven\lib\jansi-native -Dmaven.multiModuleProjectDirectory=C:\Users\Trabalho\Documents\NetBeansProjects\ConectaGUI 
java_command: org.codehaus.plexus.classworlds.launcher.Launcher -Dexec.vmArgs= -Dexec.args=${exec.vmArgs} -classpath %classpath ${exec.mainClass} ${exec.appArgs} -Dexec.appArgs= -Dexec.mainClass=conectagui.Login -Dexec.executable=C:\Program Files\Java\jdk-18.0.2\bin\java.exe -Dmaven.ext.class.path=C:\Program Files\NetBeans-15\netbeans\java\maven-nblib\netbeans-eventspy.jar org.codehaus.mojo:exec-maven-plugin:3.0.0:exec
java_class_path (initial): C:\Program Files\NetBeans-15\netbeans\java\maven\boot\plexus-classworlds-2.6.0.jar
Launcher Type: SUN_STANDARD

[Global flags]
     intx CICompilerCount                          = 4                                         {product} {ergonomic}
     uint ConcGCThreads                            = 2                                         {product} {ergonomic}
     uint G1ConcRefinementThreads                  = 8                                         {product} {ergonomic}
   size_t G1HeapRegionSize                         = 2097152                                   {product} {ergonomic}
    uintx GCDrainStackTargetSize                   = 64                                        {product} {ergonomic}
   size_t InitialHeapSize                          = 268435456                                 {product} {ergonomic}
   size_t MarkStackSize                            = 4194304                                   {product} {ergonomic}
   size_t MaxHeapSize                              = 4265607168                                {product} {ergonomic}
   size_t MinHeapDeltaBytes                        = 2097152                                   {product} {ergonomic}
   size_t MinHeapSize                              = 8388608                                   {product} {ergonomic}
    uintx NonNMethodCodeHeapSize                   = 5839372                                {pd product} {ergonomic}
    uintx NonProfiledCodeHeapSize                  = 122909434                              {pd product} {ergonomic}
    uintx ProfiledCodeHeapSize                     = 122909434                              {pd product} {ergonomic}
    uintx ReservedCodeCacheSize                    = 251658240                              {pd product} {ergonomic}
     bool SegmentedCodeCache                       = true                                      {product} {ergonomic}
   size_t SoftMaxHeapSize                          = 4265607168                             {manageable} {ergonomic}
     bool UseCompressedClassPointers               = true                           {product lp64_product} {ergonomic}
     bool UseCompressedOops                        = true                           {product lp64_product} {ergonomic}
     bool UseG1GC                                  = true                                      {product} {ergonomic}
     bool UseLargePagesIndividualAllocation        = false                                  {pd product} {ergonomic}

Logging:
Log output configuration:
 #0: stdout all=warning uptime,level,tags foldmultilines=false
 #1: stderr all=off uptime,level,tags foldmultilines=false

Environment Variables:
JAVA_HOME=C:\Program Files\Java\jdk-18.0.2
PATH=C:\Program Files\Common Files\Oracle\Java\javapath;C:\WINDOWS\system32;C:\WINDOWS;C:\WINDOWS\System32\Wbem;C:\WINDOWS\System32\WindowsPowerShell\v1.0\;C:\WINDOWS\System32\OpenSSH\;C:\Program Files (x86)\ATI Technologies\ATI.ACE\Core-Static;C:\Program Files\MySQL\MySQL Shell 8.0\bin\;C:\Users\Trabalho\AppData\Local\Programs\Python\Python310\Scripts\;C:\Users\Trabalho\AppData\Local\Programs\Python\Python310\;C:\Users\Trabalho\AppData\Local\Microsoft\WindowsApps;
USERNAME=Trabalho
OS=Windows_NT
PROCESSOR_IDENTIFIER=Intel64 Family 6 Model 58 Stepping 9, GenuineIntel



---------------  S Y S T E M  ---------------

OS:
 Windows 10 , 64 bit Build 19041 (10.0.19041.2251)
OS uptime: 5 days 21:52 hours

CPU: total 8 (initial active 8) (4 cores per cpu, 2 threads per core) family 6 model 58 stepping 9 microcode 0x21, cx8, cmov, fxsr, ht, mmx, sse, sse2, sse3, ssse3, sse4.1, sse4.2, popcnt, tsc, tscinvbit, avx, aes, erms, clmul, vzeroupper, clflush

Memory: 4k page, system-wide physical 16270M (4219M free)
TotalPageFile size 16270M (AvailPageFile size 253M)
current process WorkingSet (physical memory assigned to process): 10M, peak: 10M
current process commit charge ("private bytes"): 60M, peak: 316M

vm_info: Java HotSpot(TM) 64-Bit Server VM (18.0.2+9-61) for windows-amd64 JRE (18.0.2+9-61), built on Jun  7 2022 13:09:01 by "mach5one" with MS VC++ 16.8 / 16.9 (VS2019)

END.
